#
# There is insufficient memory for the Java Runtime Environment to continue.
# Native memory allocation (malloc) failed to allocate 872976 bytes for Chunk::new
# Possible reasons:
#   The system is out of physical RAM or swap space
#   The process is running with CompressedOops enabled, and the Java Heap may be blocking the growth of the native heap
# Possible solutions:
#   Reduce memory load on the system
#   Increase physical memory or swap space
#   Check if swap backing store is full
#   Decrease Java heap size (-Xmx/-Xms)
#   Decrease number of Java threads
#   Decrease Java thread stack sizes (-Xss)
#   Set larger code cache with -XX:ReservedCodeCacheSize=
#   JVM is running with Unscaled Compressed Oops mode in which the Java heap is
#     placed in the first 4GB address space. The Java Heap base address is the
#     maximum limit for the native heap growth. Please use -XX:HeapBaseMinAddress
#     to set the Java Heap base and to place the Java Heap above 4GB virtual address.
# This output file may be truncated or incomplete.
#
#  Out of Memory Error (t:/workspace/open/src/hotspot/share/memory/arena.cpp:197), pid=12472, tid=5732
#
# JRE version: Java(TM) SE Runtime Environment (11.0.6+8) (build 11.0.6+8-LTS)
# Java VM: Java HotSpot(TM) 64-Bit Server VM (11.0.6+8-LTS, mixed mode, tiered, compressed oops, g1 gc, windows-amd64)
# No core dump will be written. Minidumps are not enabled by default on client versions of Windows
#

---------------  S U M M A R Y ------------

Command Line: -XX:MaxMetaspaceSize=512m --add-opens=java.base/java.util=ALL-UNNAMED --add-opens=java.base/java.lang=ALL-UNNAMED --add-opens=java.base/java.lang.invoke=ALL-UNNAMED --add-opens=java.base/java.util=ALL-UNNAMED --add-opens=java.prefs/java.util.prefs=ALL-UNNAMED --add-opens=java.prefs/java.util.prefs=ALL-UNNAMED --add-opens=java.base/java.nio.charset=ALL-UNNAMED --add-opens=java.base/java.net=ALL-UNNAMED --add-opens=java.base/java.util.concurrent.atomic=ALL-UNNAMED -Xmx2048m -Dfile.encoding=windows-1252 -Duser.country=US -Duser.language=en -Duser.variant org.gradle.launcher.daemon.bootstrap.GradleDaemon 7.3.3

Host: Intel(R) Core(TM) i7-5500U CPU @ 2.40GHz, 4 cores, 7G,  Windows 10 , 64 bit Build 19041 (10.0.19041.1706)
Time: Sat Jul 16 21:16:18 2022 Egypt Standard Time elapsed time: 377 seconds (0d 0h 6m 17s)

---------------  T H R E A D  ---------------

Current thread (0x00000256c920b800):  JavaThread "C2 CompilerThread0" daemon [_thread_in_native, id=5732, stack(0x0000006876f00000,0x0000006877000000)]


Current CompileTask:
C2: 377190 4827       4       groovy.lang.MetaClassImpl$1MOPIter::methodNameAction (325 bytes)

Stack: [0x0000006876f00000,0x0000006877000000]
Native frames: (J=compiled Java code, j=interpreted, Vv=VM code, C=native code)
V  [jvm.dll+0x63679a]
V  [jvm.dll+0x7755bf]
V  [jvm.dll+0x776c65]
V  [jvm.dll+0x7772d3]
V  [jvm.dll+0x25e7f8]
V  [jvm.dll+0xc1c01]
V  [jvm.dll+0xc219c]
V  [jvm.dll+0x2cf424]
V  [jvm.dll+0x552d3f]
V  [jvm.dll+0x21a49f]
V  [jvm.dll+0x2173d6]
V  [jvm.dll+0x193a2c]
V  [jvm.dll+0x226544]
V  [jvm.dll+0x224b28]
V  [jvm.dll+0x73a9c5]
V  [jvm.dll+0x733905]
V  [jvm.dll+0x635846]
C  [ucrtbase.dll+0x21bb2]
C  [KERNEL32.DLL+0x17034]
C  [ntdll.dll+0x52651]


---------------  P R O C E S S  ---------------

Threads class SMR info:
_java_thread_list=0x00000256cdda67e0, length=71, elements={
0x00000256aa5a9000, 0x00000256c91a6800, 0x00000256c91ac000, 0x00000256c9209800,
0x00000256c920a800, 0x00000256c920b800, 0x00000256c920d000, 0x00000256c921d000,
0x00000256c9c87800, 0x00000256c9caa800, 0x00000256caf0e800, 0x00000256c9e71800,
0x00000256ca9cd000, 0x00000256c9f1b000, 0x00000256c9f1c000, 0x00000256cabbb800,
0x00000256caeb9000, 0x00000256caebc000, 0x00000256c9ee3000, 0x00000256cb075000,
0x00000256cb60c000, 0x00000256cb609800, 0x00000256cb60b800, 0x00000256cb60d000,
0x00000256cb607800, 0x00000256cb60e000, 0x00000256cb60a800, 0x00000256cb608000,
0x00000256cb609000, 0x00000256cdf72000, 0x00000256cdf75800, 0x00000256cdf76800,
0x00000256cdf77000, 0x00000256cdf74800, 0x00000256cdf71800, 0x00000256cdf79800,
0x00000256cdf79000, 0x00000256cdf74000, 0x00000256cdf7b000, 0x00000256cdf7a800,
0x00000256cdf7d800, 0x00000256cdf7c000, 0x00000256cdf78000, 0x00000256cdf7e800,
0x00000256cdf7d000, 0x00000256cdf7f800, 0x00000256cdf80000, 0x00000256cc82a000,
0x00000256cc825000, 0x00000256cc827800, 0x00000256cc828800, 0x00000256cc829800,
0x00000256cc826000, 0x00000256cc82b000, 0x00000256cc82b800, 0x00000256cc82c800,
0x00000256cc827000, 0x00000256cc833000, 0x00000256cc82d800, 0x00000256cc830000,
0x00000256cc834000, 0x00000256cc831800, 0x00000256cc830800, 0x00000256cc832800,
0x00000256cc82e000, 0x00000256cc82f000, 0x00000256ce585000, 0x00000256ce586000,
0x00000256ce586800, 0x00000256ce587800, 0x00000256ce588800
}

Java Threads: ( => current thread )
  0x00000256aa5a9000 JavaThread "main" [_thread_blocked, id=12532, stack(0x0000006876400000,0x0000006876500000)]
  0x00000256c91a6800 JavaThread "Reference Handler" daemon [_thread_blocked, id=13060, stack(0x0000006876b00000,0x0000006876c00000)]
  0x00000256c91ac000 JavaThread "Finalizer" daemon [_thread_blocked, id=13072, stack(0x0000006876c00000,0x0000006876d00000)]
  0x00000256c9209800 JavaThread "Signal Dispatcher" daemon [_thread_blocked, id=1996, stack(0x0000006876d00000,0x0000006876e00000)]
  0x00000256c920a800 JavaThread "Attach Listener" daemon [_thread_blocked, id=3204, stack(0x0000006876e00000,0x0000006876f00000)]
=>0x00000256c920b800 JavaThread "C2 CompilerThread0" daemon [_thread_in_native, id=5732, stack(0x0000006876f00000,0x0000006877000000)]
  0x00000256c920d000 JavaThread "C1 CompilerThread0" daemon [_thread_blocked, id=5720, stack(0x0000006877000000,0x0000006877100000)]
  0x00000256c921d000 JavaThread "Sweeper thread" daemon [_thread_blocked, id=11196, stack(0x0000006877100000,0x0000006877200000)]
  0x00000256c9c87800 JavaThread "Common-Cleaner" daemon [_thread_blocked, id=3604, stack(0x0000006877200000,0x0000006877300000)]
  0x00000256c9caa800 JavaThread "Service Thread" daemon [_thread_blocked, id=6872, stack(0x0000006877300000,0x0000006877400000)]
  0x00000256caf0e800 JavaThread "Daemon health stats" [_thread_blocked, id=7664, stack(0x0000006876100000,0x0000006876200000)]
  0x00000256c9e71800 JavaThread "Incoming local TCP Connector on port 2911" [_thread_in_native, id=9204, stack(0x0000006877500000,0x0000006877600000)]
  0x00000256ca9cd000 JavaThread "Daemon periodic checks" [_thread_blocked, id=5396, stack(0x0000006877800000,0x0000006877900000)]
  0x00000256c9f1b000 JavaThread "Daemon" [_thread_blocked, id=8208, stack(0x0000006877900000,0x0000006877a00000)]
  0x00000256c9f1c000 JavaThread "Handler for socket connection from /127.0.0.1:2911 to /127.0.0.1:2912" [_thread_in_native, id=8252, stack(0x0000006877a00000,0x0000006877b00000)]
  0x00000256cabbb800 JavaThread "Cancel handler" [_thread_blocked, id=8576, stack(0x0000006877b00000,0x0000006877c00000)]
  0x00000256caeb9000 JavaThread "Daemon worker" [_thread_in_native, id=12312, stack(0x0000006877c00000,0x0000006877d00000)]
  0x00000256caebc000 JavaThread "Asynchronous log dispatcher for DefaultDaemonConnection: socket connection from /127.0.0.1:2911 to /127.0.0.1:2912" [_thread_blocked, id=8480, stack(0x0000006877d00000,0x0000006877e00000)]
  0x00000256c9ee3000 JavaThread "Stdin handler" [_thread_blocked, id=13300, stack(0x0000006877e00000,0x0000006877f00000)]
  0x00000256cb075000 JavaThread "Daemon client event forwarder" [_thread_blocked, id=12692, stack(0x0000006877f00000,0x0000006878000000)]
  0x00000256cb60c000 JavaThread "Cache worker for journal cache (C:\Users\SoftLaptop\.gradle\caches\journal-1)" [_thread_blocked, id=12068, stack(0x0000006878300000,0x0000006878400000)]
  0x00000256cb609800 JavaThread "File lock request listener" [_thread_in_native, id=11832, stack(0x0000006878400000,0x0000006878500000)]
  0x00000256cb60b800 JavaThread "Cache worker for file hash cache (C:\Users\SoftLaptop\.gradle\caches\7.3.3\fileHashes)" [_thread_blocked, id=12944, stack(0x0000006878500000,0x0000006878600000)]
  0x00000256cb60d000 JavaThread "Cache worker for file hash cache (E:\react\TestApp\android\.gradle\7.3.3\fileHashes)" [_thread_blocked, id=11216, stack(0x0000006878600000,0x0000006878700000)]
  0x00000256cb607800 JavaThread "File watcher server" daemon [_thread_in_native, id=8896, stack(0x0000006878700000,0x0000006878800000)]
  0x00000256cb60e000 JavaThread "File watcher consumer" daemon [_thread_blocked, id=11228, stack(0x0000006878800000,0x0000006878900000)]
  0x00000256cb60a800 JavaThread "Cache worker for checksums cache (E:\react\TestApp\android\.gradle\7.3.3\checksums)" [_thread_blocked, id=12972, stack(0x0000006876200000,0x0000006876300000)]
  0x00000256cb608000 JavaThread "Cache worker for cache directory md-supplier (C:\Users\SoftLaptop\.gradle\caches\7.3.3\md-supplier)" [_thread_blocked, id=11248, stack(0x0000006876300000,0x0000006876400000)]
  0x00000256cb609000 JavaThread "Cache worker for cache directory md-rule (C:\Users\SoftLaptop\.gradle\caches\7.3.3\md-rule)" [_thread_blocked, id=2224, stack(0x0000006878900000,0x0000006878a00000)]
  0x00000256cdf72000 JavaThread "Cache worker for execution history cache (C:\Users\SoftLaptop\.gradle\caches\7.3.3\executionHistory)" [_thread_blocked, id=604, stack(0x0000006878a00000,0x0000006878b00000)]
  0x00000256cdf75800 JavaThread "jar transforms" [_thread_blocked, id=13240, stack(0x0000006878100000,0x0000006878200000)]
  0x00000256cdf76800 JavaThread "jar transforms Thread 2" [_thread_blocked, id=6080, stack(0x0000006878b00000,0x0000006878c00000)]
  0x00000256cdf77000 JavaThread "Cache worker for file content cache (C:\Users\SoftLaptop\.gradle\caches\7.3.3\fileContent)" [_thread_blocked, id=4716, stack(0x0000006878c00000,0x0000006878d00000)]
  0x00000256cdf74800 JavaThread "jar transforms Thread 3" [_thread_blocked, id=2480, stack(0x0000006878d00000,0x0000006878e00000)]
  0x00000256cdf71800 JavaThread "jar transforms Thread 4" [_thread_blocked, id=7800, stack(0x0000006878e00000,0x0000006878f00000)]
  0x00000256cdf79800 JavaThread "Cache worker for kotlin-dsl (C:\Users\SoftLaptop\.gradle\caches\7.3.3\kotlin-dsl)" [_thread_blocked, id=12440, stack(0x0000006879000000,0x0000006879100000)]
  0x00000256cdf79000 JavaThread "Cache worker for dependencies-accessors (E:\react\TestApp\android\.gradle\7.3.3\dependencies-accessors)" [_thread_blocked, id=8028, stack(0x0000006879100000,0x0000006879200000)]
  0x00000256cdf74000 JavaThread "Cache worker for Build Output Cleanup Cache (E:\react\TestApp\node_modules\react-native-gradle-plugin\.gradle\buildOutputCleanup)" [_thread_blocked, id=11056, stack(0x0000006879200000,0x0000006879300000)]
  0x00000256cdf7b000 JavaThread "Unconstrained build operations" [_thread_blocked, id=2592, stack(0x0000006879300000,0x0000006879400000)]
  0x00000256cdf7a800 JavaThread "Unconstrained build operations Thread 2" [_thread_blocked, id=5516, stack(0x0000006879400000,0x0000006879500000)]
  0x00000256cdf7d800 JavaThread "Unconstrained build operations Thread 3" [_thread_blocked, id=11948, stack(0x0000006879500000,0x0000006879600000)]
  0x00000256cdf7c000 JavaThread "Unconstrained build operations Thread 4" [_thread_blocked, id=1156, stack(0x0000006879600000,0x0000006879700000)]
  0x00000256cdf78000 JavaThread "Unconstrained build operations Thread 5" [_thread_blocked, id=6952, stack(0x0000006879700000,0x0000006879800000)]
  0x00000256cdf7e800 JavaThread "Unconstrained build operations Thread 6" [_thread_blocked, id=2960, stack(0x0000006879800000,0x0000006879900000)]
  0x00000256cdf7d000 JavaThread "Unconstrained build operations Thread 7" [_thread_blocked, id=4692, stack(0x0000006879900000,0x0000006879a00000)]
  0x00000256cdf7f800 JavaThread "Unconstrained build operations Thread 8" [_thread_blocked, id=7980, stack(0x0000006879a00000,0x0000006879b00000)]
  0x00000256cdf80000 JavaThread "Unconstrained build operations Thread 9" [_thread_blocked, id=12400, stack(0x0000006879b00000,0x0000006879c00000)]
  0x00000256cc82a000 JavaThread "Unconstrained build operations Thread 10" [_thread_blocked, id=8608, stack(0x0000006879c00000,0x0000006879d00000)]
  0x00000256cc825000 JavaThread "Unconstrained build operations Thread 11" [_thread_blocked, id=5024, stack(0x0000006879d00000,0x0000006879e00000)]
  0x00000256cc827800 JavaThread "Unconstrained build operations Thread 12" [_thread_blocked, id=9296, stack(0x0000006879e00000,0x0000006879f00000)]
  0x00000256cc828800 JavaThread "Unconstrained build operations Thread 13" [_thread_blocked, id=8596, stack(0x0000006879f00000,0x000000687a000000)]
  0x00000256cc829800 JavaThread "Unconstrained build operations Thread 14" [_thread_blocked, id=5004, stack(0x000000687a000000,0x000000687a100000)]
  0x00000256cc826000 JavaThread "Unconstrained build operations Thread 15" [_thread_blocked, id=7272, stack(0x000000687a100000,0x000000687a200000)]
  0x00000256cc82b000 JavaThread "Unconstrained build operations Thread 16" [_thread_blocked, id=10084, stack(0x000000687a200000,0x000000687a300000)]
  0x00000256cc82b800 JavaThread "Unconstrained build operations Thread 17" [_thread_blocked, id=12344, stack(0x000000687a300000,0x000000687a400000)]
  0x00000256cc82c800 JavaThread "Unconstrained build operations Thread 18" [_thread_blocked, id=7412, stack(0x000000687a400000,0x000000687a500000)]
  0x00000256cc827000 JavaThread "Unconstrained build operations Thread 19" [_thread_blocked, id=13008, stack(0x000000687a500000,0x000000687a600000)]
  0x00000256cc833000 JavaThread "Unconstrained build operations Thread 20" [_thread_blocked, id=8464, stack(0x000000687a600000,0x000000687a700000)]
  0x00000256cc82d800 JavaThread "Unconstrained build operations Thread 21" [_thread_blocked, id=8732, stack(0x000000687a700000,0x000000687a800000)]
  0x00000256cc830000 JavaThread "Unconstrained build operations Thread 22" [_thread_blocked, id=3908, stack(0x000000687a800000,0x000000687a900000)]
  0x00000256cc834000 JavaThread "Unconstrained build operations Thread 23" [_thread_blocked, id=13164, stack(0x000000687a900000,0x000000687aa00000)]
  0x00000256cc831800 JavaThread "Unconstrained build operations Thread 24" [_thread_blocked, id=5460, stack(0x000000687aa00000,0x000000687ab00000)]
  0x00000256cc830800 JavaThread "Unconstrained build operations Thread 25" [_thread_blocked, id=8040, stack(0x000000687ab00000,0x000000687ac00000)]
  0x00000256cc832800 JavaThread "Unconstrained build operations Thread 26" [_thread_blocked, id=8792, stack(0x000000687ac00000,0x000000687ad00000)]
  0x00000256cc82e000 JavaThread "Unconstrained build operations Thread 27" [_thread_blocked, id=8592, stack(0x000000687ad00000,0x000000687ae00000)]
  0x00000256cc82f000 JavaThread "Unconstrained build operations Thread 28" [_thread_blocked, id=12784, stack(0x000000687ae00000,0x000000687af00000)]
  0x00000256ce585000 JavaThread "Unconstrained build operations Thread 29" [_thread_blocked, id=10052, stack(0x000000687af00000,0x000000687b000000)]
  0x00000256ce586000 JavaThread "Unconstrained build operations Thread 30" [_thread_blocked, id=980, stack(0x000000687b000000,0x000000687b100000)]
  0x00000256ce586800 JavaThread "Unconstrained build operations Thread 31" [_thread_blocked, id=11092, stack(0x000000687b100000,0x000000687b200000)]
  0x00000256ce587800 JavaThread "Unconstrained build operations Thread 32" [_thread_blocked, id=12044, stack(0x000000687b200000,0x000000687b300000)]
  0x00000256ce588800 JavaThread "Unconstrained build operations Thread 33" [_thread_blocked, id=8272, stack(0x000000687b300000,0x000000687b400000)]

Other Threads:
  0x00000256c91a3800 VMThread "VM Thread" [stack: 0x0000006876a00000,0x0000006876b00000] [id=2860]
  0x00000256c9cc7000 WatcherThread [stack: 0x0000006877400000,0x0000006877500000] [id=12292]
  0x00000256aa5c1800 GCTaskThread "GC Thread#0" [stack: 0x0000006876500000,0x0000006876600000] [id=13068]
  0x00000256ca009000 GCTaskThread "GC Thread#1" [stack: 0x0000006877600000,0x0000006877700000] [id=10516]
  0x00000256ca5ce000 GCTaskThread "GC Thread#2" [stack: 0x0000006877700000,0x0000006877800000] [id=13296]
  0x00000256cace6000 GCTaskThread "GC Thread#3" [stack: 0x0000006878000000,0x0000006878100000] [id=8904]
  0x00000256aa5f2000 ConcurrentGCThread "G1 Main Marker" [stack: 0x0000006876600000,0x0000006876700000] [id=13056]
  0x00000256aa5f3000 ConcurrentGCThread "G1 Conc#0" [stack: 0x0000006876700000,0x0000006876800000] [id=8440]
  0x00000256aa67d000 ConcurrentGCThread "G1 Refine#0" [stack: 0x0000006876800000,0x0000006876900000] [id=13048]
  0x00000256aa67f800 ConcurrentGCThread "G1 Young RemSet Sampling" [stack: 0x0000006876900000,0x0000006876a00000] [id=5640]

Threads with active compile tasks:
C2 CompilerThread04827       4       groovy.lang.MetaClassImpl$1MOPIter::methodNameAction (325 bytes)

VM state:not at safepoint (normal execution)

VM Mutex/Monitor currently owned by a thread: None

Heap address: 0x0000000080000000, size: 2048 MB, Compressed Oops mode: 32-bit
Narrow klass base: 0x0000000000000000, Narrow klass shift: 3
Compressed class space size: 528482304 Address: 0x0000000100000000

Heap:
 garbage-first heap   total 131072K, used 43708K [0x0000000080000000, 0x0000000100000000)
  region size 1024K, 14 young (14336K), 5 survivors (5120K)
 Metaspace       used 49858K, capacity 51216K, committed 51280K, reserved 561152K
  class space    used 6431K, capacity 7014K, committed 7040K, reserved 516096K
Heap Regions: E=young(eden), S=young(survivor), O=old, HS=humongous(starts), HC=humongous(continues), CS=collection set, F=free, A=archive, TAMS=top-at-mark-start (previous, next)
|   0|0x0000000080000000, 0x0000000080100000, 0x0000000080100000|100%|HS|  |TAMS 0x0000000080100000, 0x0000000080000000| Complete 
|   1|0x0000000080100000, 0x0000000080200000, 0x0000000080200000|100%|HC|  |TAMS 0x0000000080200000, 0x0000000080100000| Complete 
|   2|0x0000000080200000, 0x0000000080300000, 0x0000000080300000|100%|HC|  |TAMS 0x0000000080300000, 0x0000000080200000| Complete 
|   3|0x0000000080300000, 0x0000000080400000, 0x0000000080400000|100%| O|  |TAMS 0x0000000080400000, 0x0000000080300000| Untracked 
|   4|0x0000000080400000, 0x0000000080500000, 0x0000000080500000|100%| O|  |TAMS 0x0000000080500000, 0x0000000080400000| Untracked 
|   5|0x0000000080500000, 0x0000000080600000, 0x0000000080600000|100%| O|  |TAMS 0x0000000080600000, 0x0000000080500000| Untracked 
|   6|0x0000000080600000, 0x0000000080700000, 0x0000000080700000|100%| O|  |TAMS 0x0000000080700000, 0x0000000080600000| Untracked 
|   7|0x0000000080700000, 0x0000000080800000, 0x0000000080800000|100%| O|  |TAMS 0x0000000080800000, 0x0000000080700000| Untracked 
|   8|0x0000000080800000, 0x0000000080900000, 0x0000000080900000|100%| O|  |TAMS 0x0000000080900000, 0x0000000080800000| Untracked 
|   9|0x0000000080900000, 0x0000000080a00000, 0x0000000080a00000|100%| O|  |TAMS 0x0000000080a00000, 0x0000000080900000| Untracked 
|  10|0x0000000080a00000, 0x0000000080b00000, 0x0000000080b00000|100%| O|  |TAMS 0x0000000080b00000, 0x0000000080a00000| Untracked 
|  11|0x0000000080b00000, 0x0000000080c00000, 0x0000000080c00000|100%| O|  |TAMS 0x0000000080c00000, 0x0000000080b00000| Untracked 
|  12|0x0000000080c00000, 0x0000000080d00000, 0x0000000080d00000|100%| O|  |TAMS 0x0000000080d00000, 0x0000000080c00000| Untracked 
|  13|0x0000000080d00000, 0x0000000080e00000, 0x0000000080e00000|100%| O|  |TAMS 0x0000000080e00000, 0x0000000080d00000| Untracked 
|  14|0x0000000080e00000, 0x0000000080f00000, 0x0000000080f00000|100%| O|  |TAMS 0x0000000080f00000, 0x0000000080e00000| Untracked 
|  15|0x0000000080f00000, 0x0000000081000000, 0x0000000081000000|100%| O|  |TAMS 0x0000000081000000, 0x0000000080f00000| Untracked 
|  16|0x0000000081000000, 0x0000000081100000, 0x0000000081100000|100%|HS|  |TAMS 0x0000000081000000, 0x0000000081000000| Complete 
|  17|0x0000000081100000, 0x0000000081200000, 0x0000000081200000|100%| O|  |TAMS 0x0000000081100000, 0x0000000081100000| Untracked 
|  18|0x0000000081200000, 0x0000000081300000, 0x0000000081300000|100%| O|  |TAMS 0x0000000081200000, 0x0000000081200000| Untracked 
|  19|0x0000000081300000, 0x0000000081400000, 0x0000000081400000|100%| O|  |TAMS 0x0000000081300000, 0x0000000081300000| Untracked 
|  20|0x0000000081400000, 0x0000000081500000, 0x0000000081500000|100%| O|  |TAMS 0x0000000081400000, 0x0000000081400000| Untracked 
|  21|0x0000000081500000, 0x0000000081600000, 0x0000000081600000|100%| O|  |TAMS 0x0000000081500000, 0x0000000081500000| Untracked 
|  22|0x0000000081600000, 0x0000000081700000, 0x0000000081700000|100%| O|  |TAMS 0x0000000081600000, 0x0000000081600000| Untracked 
|  23|0x0000000081700000, 0x0000000081800000, 0x0000000081800000|100%| O|  |TAMS 0x0000000081700000, 0x0000000081700000| Untracked 
|  24|0x0000000081800000, 0x0000000081900000, 0x0000000081900000|100%| O|  |TAMS 0x0000000081800000, 0x0000000081800000| Untracked 
|  25|0x0000000081900000, 0x0000000081a00000, 0x0000000081a00000|100%| O|  |TAMS 0x0000000081900000, 0x0000000081900000| Untracked 
|  26|0x0000000081a00000, 0x0000000081b00000, 0x0000000081b00000|100%| O|  |TAMS 0x0000000081a00000, 0x0000000081a00000| Untracked 
|  27|0x0000000081b00000, 0x0000000081c00000, 0x0000000081c00000|100%| O|  |TAMS 0x0000000081b00000, 0x0000000081b00000| Untracked 
|  28|0x0000000081c00000, 0x0000000081c51000, 0x0000000081d00000| 31%| O|  |TAMS 0x0000000081c00000, 0x0000000081c00000| Untracked 
|  29|0x0000000081d00000, 0x0000000081e00000, 0x0000000081e00000|100%|HS|  |TAMS 0x0000000081d00000, 0x0000000081d00000| Complete 
|  30|0x0000000081e00000, 0x0000000081f00000, 0x0000000081f00000|100%|HC|  |TAMS 0x0000000081e00000, 0x0000000081e00000| Complete 
|  31|0x0000000081f00000, 0x0000000082000000, 0x0000000082000000|100%|HC|  |TAMS 0x0000000081f00000, 0x0000000081f00000| Complete 
|  32|0x0000000082000000, 0x0000000082000000, 0x0000000082100000|  0%| F|  |TAMS 0x0000000082000000, 0x0000000082000000| Untracked 
|  33|0x0000000082100000, 0x0000000082100000, 0x0000000082200000|  0%| F|  |TAMS 0x0000000082100000, 0x0000000082100000| Untracked 
|  34|0x0000000082200000, 0x0000000082200000, 0x0000000082300000|  0%| F|  |TAMS 0x0000000082200000, 0x0000000082200000| Untracked 
|  35|0x0000000082300000, 0x0000000082300000, 0x0000000082400000|  0%| F|  |TAMS 0x0000000082300000, 0x0000000082300000| Untracked 
|  36|0x0000000082400000, 0x0000000082400000, 0x0000000082500000|  0%| F|  |TAMS 0x0000000082400000, 0x0000000082400000| Untracked 
|  37|0x0000000082500000, 0x0000000082500000, 0x0000000082600000|  0%| F|  |TAMS 0x0000000082500000, 0x0000000082500000| Untracked 
|  38|0x0000000082600000, 0x0000000082600000, 0x0000000082700000|  0%| F|  |TAMS 0x0000000082600000, 0x0000000082600000| Untracked 
|  39|0x0000000082700000, 0x0000000082700000, 0x0000000082800000|  0%| F|  |TAMS 0x0000000082700000, 0x0000000082700000| Untracked 
|  40|0x0000000082800000, 0x0000000082800000, 0x0000000082900000|  0%| F|  |TAMS 0x0000000082800000, 0x0000000082800000| Untracked 
|  41|0x0000000082900000, 0x0000000082900000, 0x0000000082a00000|  0%| F|  |TAMS 0x0000000082900000, 0x0000000082900000| Untracked 
|  42|0x0000000082a00000, 0x0000000082a00000, 0x0000000082b00000|  0%| F|  |TAMS 0x0000000082a00000, 0x0000000082a00000| Untracked 
|  43|0x0000000082b00000, 0x0000000082b00000, 0x0000000082c00000|  0%| F|  |TAMS 0x0000000082b00000, 0x0000000082b00000| Untracked 
|  44|0x0000000082c00000, 0x0000000082c00000, 0x0000000082d00000|  0%| F|  |TAMS 0x0000000082c00000, 0x0000000082c00000| Untracked 
|  45|0x0000000082d00000, 0x0000000082d00000, 0x0000000082e00000|  0%| F|  |TAMS 0x0000000082d00000, 0x0000000082d00000| Untracked 
|  46|0x0000000082e00000, 0x0000000082e00000, 0x0000000082f00000|  0%| F|  |TAMS 0x0000000082e00000, 0x0000000082e00000| Untracked 
|  47|0x0000000082f00000, 0x0000000082f00000, 0x0000000083000000|  0%| F|  |TAMS 0x0000000082f00000, 0x0000000082f00000| Untracked 
|  48|0x0000000083000000, 0x0000000083000000, 0x0000000083100000|  0%| F|  |TAMS 0x0000000083000000, 0x0000000083000000| Untracked 
|  49|0x0000000083100000, 0x0000000083100000, 0x0000000083200000|  0%| F|  |TAMS 0x0000000083100000, 0x0000000083100000| Untracked 
|  50|0x0000000083200000, 0x0000000083200000, 0x0000000083300000|  0%| F|  |TAMS 0x0000000083200000, 0x0000000083200000| Untracked 
|  51|0x0000000083300000, 0x0000000083300000, 0x0000000083400000|  0%| F|  |TAMS 0x0000000083300000, 0x0000000083300000| Untracked 
|  52|0x0000000083400000, 0x0000000083400000, 0x0000000083500000|  0%| F|  |TAMS 0x0000000083400000, 0x0000000083400000| Untracked 
|  53|0x0000000083500000, 0x0000000083500000, 0x0000000083600000|  0%| F|  |TAMS 0x0000000083500000, 0x0000000083500000| Untracked 
|  54|0x0000000083600000, 0x0000000083600000, 0x0000000083700000|  0%| F|  |TAMS 0x0000000083600000, 0x0000000083600000| Untracked 
|  55|0x0000000083700000, 0x0000000083700000, 0x0000000083800000|  0%| F|  |TAMS 0x0000000083700000, 0x0000000083700000| Untracked 
|  56|0x0000000083800000, 0x0000000083800000, 0x0000000083900000|  0%| F|  |TAMS 0x0000000083800000, 0x0000000083800000| Untracked 
|  57|0x0000000083900000, 0x0000000083900000, 0x0000000083a00000|  0%| F|  |TAMS 0x0000000083900000, 0x0000000083900000| Untracked 
|  58|0x0000000083a00000, 0x0000000083a00000, 0x0000000083b00000|  0%| F|  |TAMS 0x0000000083a00000, 0x0000000083a00000| Untracked 
|  59|0x0000000083b00000, 0x0000000083b5e2f0, 0x0000000083c00000| 36%| S|CS|TAMS 0x0000000083b00000, 0x0000000083b00000| Complete 
|  60|0x0000000083c00000, 0x0000000083d00000, 0x0000000083d00000|100%| S|CS|TAMS 0x0000000083c00000, 0x0000000083c00000| Complete 
|  61|0x0000000083d00000, 0x0000000083e00000, 0x0000000083e00000|100%| S|CS|TAMS 0x0000000083d00000, 0x0000000083d00000| Complete 
|  62|0x0000000083e00000, 0x0000000083f00000, 0x0000000083f00000|100%| S|CS|TAMS 0x0000000083e00000, 0x0000000083e00000| Complete 
|  63|0x0000000083f00000, 0x0000000083f00000, 0x0000000084000000|  0%| F|  |TAMS 0x0000000083f00000, 0x0000000083f00000| Untracked 
|  64|0x0000000084000000, 0x0000000084000000, 0x0000000084100000|  0%| F|  |TAMS 0x0000000084000000, 0x0000000084000000| Untracked 
|  65|0x0000000084100000, 0x0000000084200000, 0x0000000084200000|100%| S|CS|TAMS 0x0000000084100000, 0x0000000084100000| Complete 
|  66|0x0000000084200000, 0x0000000084200000, 0x0000000084300000|  0%| F|  |TAMS 0x0000000084200000, 0x0000000084200000| Untracked 
|  67|0x0000000084300000, 0x0000000084300000, 0x0000000084400000|  0%| F|  |TAMS 0x0000000084300000, 0x0000000084300000| Untracked 
|  68|0x0000000084400000, 0x0000000084400000, 0x0000000084500000|  0%| F|  |TAMS 0x0000000084400000, 0x0000000084400000| Untracked 
|  69|0x0000000084500000, 0x0000000084500000, 0x0000000084600000|  0%| F|  |TAMS 0x0000000084500000, 0x0000000084500000| Untracked 
|  70|0x0000000084600000, 0x0000000084600000, 0x0000000084700000|  0%| F|  |TAMS 0x0000000084600000, 0x0000000084600000| Untracked 
|  71|0x0000000084700000, 0x0000000084700000, 0x0000000084800000|  0%| F|  |TAMS 0x0000000084700000, 0x0000000084700000| Untracked 
|  72|0x0000000084800000, 0x0000000084800000, 0x0000000084900000|  0%| F|  |TAMS 0x0000000084800000, 0x0000000084800000| Untracked 
|  73|0x0000000084900000, 0x0000000084900000, 0x0000000084a00000|  0%| F|  |TAMS 0x0000000084900000, 0x0000000084900000| Untracked 
|  74|0x0000000084a00000, 0x0000000084a00000, 0x0000000084b00000|  0%| F|  |TAMS 0x0000000084a00000, 0x0000000084a00000| Untracked 
|  75|0x0000000084b00000, 0x0000000084b00000, 0x0000000084c00000|  0%| F|  |TAMS 0x0000000084b00000, 0x0000000084b00000| Untracked 
|  76|0x0000000084c00000, 0x0000000084c00000, 0x0000000084d00000|  0%| F|  |TAMS 0x0000000084c00000, 0x0000000084c00000| Untracked 
|  77|0x0000000084d00000, 0x0000000084d00000, 0x0000000084e00000|  0%| F|  |TAMS 0x0000000084d00000, 0x0000000084d00000| Untracked 
|  78|0x0000000084e00000, 0x0000000084e00000, 0x0000000084f00000|  0%| F|  |TAMS 0x0000000084e00000, 0x0000000084e00000| Untracked 
|  79|0x0000000084f00000, 0x0000000084f00000, 0x0000000085000000|  0%| F|  |TAMS 0x0000000084f00000, 0x0000000084f00000| Untracked 
|  80|0x0000000085000000, 0x0000000085000000, 0x0000000085100000|  0%| F|  |TAMS 0x0000000085000000, 0x0000000085000000| Untracked 
|  81|0x0000000085100000, 0x0000000085100000, 0x0000000085200000|  0%| F|  |TAMS 0x0000000085100000, 0x0000000085100000| Untracked 
|  82|0x0000000085200000, 0x0000000085200000, 0x0000000085300000|  0%| F|  |TAMS 0x0000000085200000, 0x0000000085200000| Untracked 
|  83|0x0000000085300000, 0x0000000085300000, 0x0000000085400000|  0%| F|  |TAMS 0x0000000085300000, 0x0000000085300000| Untracked 
|  84|0x0000000085400000, 0x0000000085400000, 0x0000000085500000|  0%| F|  |TAMS 0x0000000085400000, 0x0000000085400000| Untracked 
|  85|0x0000000085500000, 0x0000000085500000, 0x0000000085600000|  0%| F|  |TAMS 0x0000000085500000, 0x0000000085500000| Untracked 
|  86|0x0000000085600000, 0x0000000085600000, 0x0000000085700000|  0%| F|  |TAMS 0x0000000085600000, 0x0000000085600000| Untracked 
|  87|0x0000000085700000, 0x0000000085700000, 0x0000000085800000|  0%| F|  |TAMS 0x0000000085700000, 0x0000000085700000| Untracked 
|  88|0x0000000085800000, 0x0000000085800000, 0x0000000085900000|  0%| F|  |TAMS 0x0000000085800000, 0x0000000085800000| Untracked 
|  89|0x0000000085900000, 0x0000000085900000, 0x0000000085a00000|  0%| F|  |TAMS 0x0000000085900000, 0x0000000085900000| Untracked 
|  90|0x0000000085a00000, 0x0000000085a00000, 0x0000000085b00000|  0%| F|  |TAMS 0x0000000085a00000, 0x0000000085a00000| Untracked 
|  91|0x0000000085b00000, 0x0000000085b00000, 0x0000000085c00000|  0%| F|  |TAMS 0x0000000085b00000, 0x0000000085b00000| Untracked 
|  92|0x0000000085c00000, 0x0000000085c00000, 0x0000000085d00000|  0%| F|  |TAMS 0x0000000085c00000, 0x0000000085c00000| Untracked 
|  93|0x0000000085d00000, 0x0000000085d00000, 0x0000000085e00000|  0%| F|  |TAMS 0x0000000085d00000, 0x0000000085d00000| Untracked 
|  94|0x0000000085e00000, 0x0000000085e00000, 0x0000000085f00000|  0%| F|  |TAMS 0x0000000085e00000, 0x0000000085e00000| Untracked 
|  95|0x0000000085f00000, 0x0000000085f00000, 0x0000000086000000|  0%| F|  |TAMS 0x0000000085f00000, 0x0000000085f00000| Untracked 
|  96|0x0000000086000000, 0x0000000086000000, 0x0000000086100000|  0%| F|  |TAMS 0x0000000086000000, 0x0000000086000000| Untracked 
|  97|0x0000000086100000, 0x0000000086100000, 0x0000000086200000|  0%| F|  |TAMS 0x0000000086100000, 0x0000000086100000| Untracked 
|  98|0x0000000086200000, 0x0000000086200000, 0x0000000086300000|  0%| F|  |TAMS 0x0000000086200000, 0x0000000086200000| Untracked 
|  99|0x0000000086300000, 0x0000000086300000, 0x0000000086400000|  0%| F|  |TAMS 0x0000000086300000, 0x0000000086300000| Untracked 
| 100|0x0000000086400000, 0x0000000086400000, 0x0000000086500000|  0%| F|  |TAMS 0x0000000086400000, 0x0000000086400000| Untracked 
| 101|0x0000000086500000, 0x0000000086500000, 0x0000000086600000|  0%| F|  |TAMS 0x0000000086500000, 0x0000000086500000| Untracked 
| 102|0x0000000086600000, 0x0000000086600000, 0x0000000086700000|  0%| F|  |TAMS 0x0000000086600000, 0x0000000086600000| Untracked 
| 103|0x0000000086700000, 0x0000000086700000, 0x0000000086800000|  0%| F|  |TAMS 0x0000000086700000, 0x0000000086700000| Untracked 
| 104|0x0000000086800000, 0x0000000086800000, 0x0000000086900000|  0%| F|  |TAMS 0x0000000086800000, 0x0000000086800000| Untracked 
| 105|0x0000000086900000, 0x0000000086900000, 0x0000000086a00000|  0%| F|  |TAMS 0x0000000086900000, 0x0000000086900000| Untracked 
| 106|0x0000000086a00000, 0x0000000086a00000, 0x0000000086b00000|  0%| F|  |TAMS 0x0000000086a00000, 0x0000000086a00000| Untracked 
| 107|0x0000000086b00000, 0x0000000086b00000, 0x0000000086c00000|  0%| F|  |TAMS 0x0000000086b00000, 0x0000000086b00000| Untracked 
| 108|0x0000000086c00000, 0x0000000086c00000, 0x0000000086d00000|  0%| F|  |TAMS 0x0000000086c00000, 0x0000000086c00000| Untracked 
| 109|0x0000000086d00000, 0x0000000086d00000, 0x0000000086e00000|  0%| F|  |TAMS 0x0000000086d00000, 0x0000000086d00000| Untracked 
| 110|0x0000000086e00000, 0x0000000086e00000, 0x0000000086f00000|  0%| F|  |TAMS 0x0000000086e00000, 0x0000000086e00000| Untracked 
| 111|0x0000000086f00000, 0x0000000086f00000, 0x0000000087000000|  0%| F|  |TAMS 0x0000000086f00000, 0x0000000086f00000| Untracked 
| 112|0x0000000087000000, 0x0000000087000000, 0x0000000087100000|  0%| F|  |TAMS 0x0000000087000000, 0x0000000087000000| Untracked 
| 113|0x0000000087100000, 0x0000000087100000, 0x0000000087200000|  0%| F|  |TAMS 0x0000000087100000, 0x0000000087100000| Untracked 
| 114|0x0000000087200000, 0x0000000087200000, 0x0000000087300000|  0%| F|  |TAMS 0x0000000087200000, 0x0000000087200000| Untracked 
| 115|0x0000000087300000, 0x0000000087300000, 0x0000000087400000|  0%| F|  |TAMS 0x0000000087300000, 0x0000000087300000| Untracked 
| 116|0x0000000087400000, 0x0000000087400000, 0x0000000087500000|  0%| F|  |TAMS 0x0000000087400000, 0x0000000087400000| Untracked 
| 117|0x0000000087500000, 0x0000000087500000, 0x0000000087600000|  0%| F|  |TAMS 0x0000000087500000, 0x0000000087500000| Untracked 
| 118|0x0000000087600000, 0x0000000087600000, 0x0000000087700000|  0%| F|  |TAMS 0x0000000087600000, 0x0000000087600000| Untracked 
| 119|0x0000000087700000, 0x0000000087800000, 0x0000000087800000|100%| E|  |TAMS 0x0000000087700000, 0x0000000087700000| Complete 
| 120|0x0000000087800000, 0x0000000087900000, 0x0000000087900000|100%| E|CS|TAMS 0x0000000087800000, 0x0000000087800000| Complete 
| 121|0x0000000087900000, 0x0000000087a00000, 0x0000000087a00000|100%| E|CS|TAMS 0x0000000087900000, 0x0000000087900000| Complete 
| 122|0x0000000087a00000, 0x0000000087b00000, 0x0000000087b00000|100%| E|CS|TAMS 0x0000000087a00000, 0x0000000087a00000| Complete 
| 123|0x0000000087b00000, 0x0000000087c00000, 0x0000000087c00000|100%| E|  |TAMS 0x0000000087b00000, 0x0000000087b00000| Complete 
| 124|0x0000000087c00000, 0x0000000087d00000, 0x0000000087d00000|100%| E|CS|TAMS 0x0000000087c00000, 0x0000000087c00000| Complete 
| 125|0x0000000087d00000, 0x0000000087e00000, 0x0000000087e00000|100%| E|CS|TAMS 0x0000000087d00000, 0x0000000087d00000| Complete 
| 126|0x0000000087e00000, 0x0000000087f00000, 0x0000000087f00000|100%| E|CS|TAMS 0x0000000087e00000, 0x0000000087e00000| Complete 
| 127|0x0000000087f00000, 0x0000000088000000, 0x0000000088000000|100%| E|CS|TAMS 0x0000000087f00000, 0x0000000087f00000| Complete 

Card table byte_map: [0x00000256c2380000,0x00000256c2780000] _byte_map_base: 0x00000256c1f80000

Marking Bits (Prev, Next): (CMBitMap*) 0x00000256aa5e94b8, (CMBitMap*) 0x00000256aa5e94f0
 Prev Bits: [0x00000256c2b80000, 0x00000256c4b80000)
 Next Bits: [0x00000256c4b80000, 0x00000256c6b80000)

Polling page: 0x00000256a8f60000

Metaspace:

Usage:
  Non-class:     43.17 MB capacity,    42.41 MB ( 98%) used,   634.43 KB (  1%) free+waste,   140.25 KB ( <1%) overhead. 
      Class:      6.85 MB capacity,     6.28 MB ( 92%) used,   514.08 KB (  7%) free+waste,    68.44 KB ( <1%) overhead. 
       Both:     50.02 MB capacity,    48.69 MB ( 97%) used,     1.12 MB (  2%) free+waste,   208.69 KB ( <1%) overhead. 

Virtual space:
  Non-class space:       44.00 MB reserved,      43.20 MB ( 98%) committed 
      Class space:      504.00 MB reserved,       6.88 MB (  1%) committed 
             Both:      548.00 MB reserved,      50.08 MB (  9%) committed 

Chunk freelists:
   Non-Class:  4.75 KB
       Class:  3.25 KB
        Both:  8.00 KB

CodeHeap 'non-profiled nmethods': size=120064Kb used=2318Kb max_used=2318Kb free=117746Kb
 bounds [0x00000256ba410000, 0x00000256ba680000, 0x00000256c1950000]
CodeHeap 'profiled nmethods': size=120000Kb used=8783Kb max_used=8783Kb free=111216Kb
 bounds [0x00000256b2ee0000, 0x00000256b3780000, 0x00000256ba410000]
CodeHeap 'non-nmethods': size=5696Kb used=2230Kb max_used=2253Kb free=3465Kb
 bounds [0x00000256b2950000, 0x00000256b2bc0000, 0x00000256b2ee0000]
 total_blobs=6866 nmethods=4278 adapters=714
 compilation: enabled
              stopped_count=0, restarted_count=0
 full_count=0

Compilation events (10 events):
Event: 374.411 Thread 0x00000256c920d000 nmethod 4822 0x00000256b3771d10 code [0x00000256b3771ec0, 0x00000256b3772018]
Event: 374.514 Thread 0x00000256c920b800 4823       4       java.util.WeakHashMap::getTable (9 bytes)
Event: 374.515 Thread 0x00000256c920b800 nmethod 4823 0x00000256ba652a10 code [0x00000256ba652ba0, 0x00000256ba652c28]
Event: 374.843 Thread 0x00000256c920b800 4824       4       java.util.AbstractCollection::isEmpty (13 bytes)
Event: 374.844 Thread 0x00000256c920b800 nmethod 4824 0x00000256ba652d10 code [0x00000256ba652ea0, 0x00000256ba652f38]
Event: 374.848 Thread 0x00000256c920b800 4825       4       groovy.lang.MetaMethod::isPrivate (15 bytes)
Event: 374.849 Thread 0x00000256c920b800 nmethod 4825 0x00000256ba653010 code [0x00000256ba6531a0, 0x00000256ba653238]
Event: 374.849 Thread 0x00000256c920b800 4826       4       org.codehaus.groovy.reflection.CachedMethod::isStatic (8 bytes)
Event: 374.849 Thread 0x00000256c920b800 nmethod 4826 0x00000256ba653310 code [0x00000256ba6534a0, 0x00000256ba653538]
Event: 374.849 Thread 0x00000256c920b800 4827       4       groovy.lang.MetaClassImpl$1MOPIter::methodNameAction (325 bytes)

GC Heap History (10 events):
Event: 148.300 GC heap before
{Heap before GC invocations=6 (full 0):
 garbage-first heap   total 131072K, used 67655K [0x0000000080000000, 0x0000000100000000)
  region size 1024K, 55 young (56320K), 6 survivors (6144K)
 Metaspace       used 26118K, capacity 26685K, committed 26880K, reserved 540672K
  class space    used 3350K, capacity 3559K, committed 3584K, reserved 516096K
}
Event: 148.310 GC heap after
{Heap after GC invocations=7 (full 0):
 garbage-first heap   total 131072K, used 19456K [0x0000000080000000, 0x0000000100000000)
  region size 1024K, 3 young (3072K), 3 survivors (3072K)
 Metaspace       used 26118K, capacity 26685K, committed 26880K, reserved 540672K
  class space    used 3350K, capacity 3559K, committed 3584K, reserved 516096K
}
Event: 192.441 GC heap before
{Heap before GC invocations=7 (full 0):
 garbage-first heap   total 131072K, used 79872K [0x0000000080000000, 0x0000000100000000)
  region size 1024K, 63 young (64512K), 3 survivors (3072K)
 Metaspace       used 35173K, capacity 35971K, committed 36048K, reserved 548864K
  class space    used 4525K, capacity 4832K, committed 4864K, reserved 516096K
}
Event: 192.454 GC heap after
{Heap after GC invocations=8 (full 0):
 garbage-first heap   total 131072K, used 22974K [0x0000000080000000, 0x0000000100000000)
  region size 1024K, 7 young (7168K), 7 survivors (7168K)
 Metaspace       used 35173K, capacity 35971K, committed 36048K, reserved 548864K
  class space    used 4525K, capacity 4832K, committed 4864K, reserved 516096K
}
Event: 213.341 GC heap before
{Heap before GC invocations=9 (full 0):
 garbage-first heap   total 131072K, used 88510K [0x0000000080000000, 0x0000000100000000)
  region size 1024K, 68 young (69632K), 7 survivors (7168K)
 Metaspace       used 40101K, capacity 40991K, committed 41296K, reserved 552960K
  class space    used 5076K, capacity 5413K, committed 5504K, reserved 516096K
}
Event: 213.360 GC heap after
{Heap after GC invocations=10 (full 0):
 garbage-first heap   total 131072K, used 28530K [0x0000000080000000, 0x0000000100000000)
  region size 1024K, 9 young (9216K), 9 survivors (9216K)
 Metaspace       used 40101K, capacity 40991K, committed 41296K, reserved 552960K
  class space    used 5076K, capacity 5413K, committed 5504K, reserved 516096K
}
Event: 346.972 GC heap before
{Heap before GC invocations=10 (full 0):
 garbage-first heap   total 131072K, used 89970K [0x0000000080000000, 0x0000000100000000)
  region size 1024K, 69 young (70656K), 9 survivors (9216K)
 Metaspace       used 44859K, capacity 46014K, committed 46160K, reserved 557056K
  class space    used 5701K, capacity 6175K, committed 6272K, reserved 516096K
}
Event: 346.989 GC heap after
{Heap after GC invocations=11 (full 0):
 garbage-first heap   total 131072K, used 31044K [0x0000000080000000, 0x0000000100000000)
  region size 1024K, 3 young (3072K), 3 survivors (3072K)
 Metaspace       used 44859K, capacity 46014K, committed 46160K, reserved 557056K
  class space    used 5701K, capacity 6175K, committed 6272K, reserved 516096K
}
Event: 366.978 GC heap before
{Heap before GC invocations=11 (full 0):
 garbage-first heap   total 131072K, used 93508K [0x0000000080000000, 0x0000000100000000)
  region size 1024K, 64 young (65536K), 3 survivors (3072K)
 Metaspace       used 49584K, capacity 50989K, committed 51280K, reserved 561152K
  class space    used 6410K, capacity 6940K, committed 7040K, reserved 516096K
}
Event: 366.986 GC heap after
{Heap after GC invocations=12 (full 0):
 garbage-first heap   total 131072K, used 32444K [0x0000000080000000, 0x0000000100000000)
  region size 1024K, 5 young (5120K), 5 survivors (5120K)
 Metaspace       used 49584K, capacity 50989K, committed 51280K, reserved 561152K
  class space    used 6410K, capacity 6940K, committed 7040K, reserved 516096K
}

Deoptimization events (10 events):
Event: 364.994 Thread 0x00000256caeb9000 Uncommon trap: reason=class_check action=maybe_recompile pc=0x00000256ba57e4a4 method=java.util.concurrent.ConcurrentHashMap.computeIfAbsent(Ljava/lang/Object;Ljava/util/function/Function;)Ljava/lang/Object; @ 241 c2
Event: 364.994 Thread 0x00000256caeb9000 Uncommon trap: reason=class_check action=maybe_recompile pc=0x00000256ba57e4a4 method=java.util.concurrent.ConcurrentHashMap.computeIfAbsent(Ljava/lang/Object;Ljava/util/function/Function;)Ljava/lang/Object; @ 241 c2
Event: 366.671 Thread 0x00000256cdf7b000 Uncommon trap: reason=unstable_if action=reinterpret pc=0x00000256ba520424 method=java.util.concurrent.locks.ReentrantLock$Sync.nonfairTryAcquire(I)Z @ 34 c2
Event: 366.671 Thread 0x00000256cdf7b000 Uncommon trap: reason=unstable_if action=reinterpret pc=0x00000256ba5c3904 method=java.util.concurrent.locks.ReentrantLock$Sync.nonfairTryAcquire(I)Z @ 34 c2
Event: 366.671 Thread 0x00000256cdf7b000 Uncommon trap: reason=unstable_if action=reinterpret pc=0x00000256ba51ffa4 method=java.util.concurrent.locks.ReentrantLock$Sync.nonfairTryAcquire(I)Z @ 34 c2
Event: 366.672 Thread 0x00000256cdf7b000 Uncommon trap: reason=unstable_if action=reinterpret pc=0x00000256ba5a6d74 method=java.util.concurrent.ConcurrentHashMap.putVal(Ljava/lang/Object;Ljava/lang/Object;Z)Ljava/lang/Object; @ 97 c2
Event: 366.672 Thread 0x00000256cdf7b000 Uncommon trap: reason=speculate_null_assert action=make_not_entrant pc=0x00000256ba5b5160 method=java.lang.invoke.MethodType$ConcurrentWeakInternSet.add(Ljava/lang/Object;)Ljava/lang/Object; @ 47 c2
Event: 372.253 Thread 0x00000256caeb9000 Uncommon trap: reason=unstable_if action=reinterpret pc=0x00000256ba4f3a64 method=org.gradle.internal.snapshot.PathUtil.equalChars(CCLorg/gradle/internal/snapshot/CaseSensitivity;)Z @ 11 c2
Event: 373.383 Thread 0x00000256caeb9000 Uncommon trap: reason=unstable_if action=reinterpret pc=0x00000256ba51fb60 method=java.util.concurrent.locks.AbstractQueuedSynchronizer.release(I)Z @ 21 c2
Event: 374.098 Thread 0x00000256caeb9000 Uncommon trap: reason=unstable_if action=reinterpret pc=0x00000256ba46cbd8 method=java.util.jar.Manifest$FastInputStream.readLine([BII)I @ 130 c2

Classes redefined (0 events):
No events

Internal exceptions (10 events):
Event: 350.339 Thread 0x00000256caeb9000 Implicit null exception at 0x00000256ba4695f4 to 0x00000256ba46980e
Event: 350.339 Thread 0x00000256caeb9000 Implicit null exception at 0x00000256ba46e0f8 to 0x00000256ba46e18a
Event: 354.240 Thread 0x00000256caeb9000 Exception <a 'java/lang/NoSuchMethodError'{0x0000000086a17fc0}: java.lang.invoke.DirectMethodHandle$Holder.invokeSpecial(Ljava/lang/Object;Ljava/lang/Object;Ljava/lang/Object;Ljava/lang/Object;Ljava/lang/Object;Ljava/lang/Object;Ljava/lang/Object;Ljava/la
Event: 354.241 Thread 0x00000256caeb9000 Exception <a 'java/lang/NoSuchMethodError'{0x0000000086a1dc58}: java.lang.invoke.Invokers$Holder.invoker(Ljava/lang/Object;Ljava/lang/Object;Ljava/lang/Object;Ljava/lang/Object;Ljava/lang/Object;Ljava/lang/Object;Ljava/lang/Object;Ljava/lang/Object;Ljava/
Event: 354.241 Thread 0x00000256caeb9000 Exception <a 'java/lang/NoSuchMethodError'{0x0000000086a24ac0}: java.lang.invoke.DelegatingMethodHandle$Holder.delegate(Ljava/lang/Object;Ljava/lang/Object;Ljava/lang/Object;Ljava/lang/Object;Ljava/lang/Object;Ljava/lang/Object;Ljava/lang/Object;Ljava/lan
Event: 354.246 Thread 0x00000256caeb9000 Exception <a 'java/lang/NoSuchMethodError'{0x0000000086a75660}: java.lang.invoke.DelegatingMethodHandle$Holder.reinvoke_L(Ljava/lang/Object;Ljava/lang/Object;Ljava/lang/Object;Ljava/lang/Object;Ljava/lang/Object;Ljava/lang/Object;Ljava/lang/Object;Ljava/l
Event: 360.111 Thread 0x00000256caeb9000 Exception <a 'java/lang/NoSuchMethodError'{0x0000000085a5c488}: java.lang.invoke.DirectMethodHandle$Holder.invokeInterface(Ljava/lang/Object;Ljava/lang/Object;)I> (0x0000000085a5c488) thrown at [t:/workspace/open/src/hotspot/share/interpreter/linkResolver
Event: 360.112 Thread 0x00000256caeb9000 Exception <a 'java/lang/IncompatibleClassChangeError'{0x0000000085a60210}: Found class java.lang.Object, but interface was expected> (0x0000000085a60210) thrown at [t:/workspace/open/src/hotspot/share/interpreter/linkResolver.cpp, line 838]
Event: 361.567 Thread 0x00000256caeb9000 Exception <a 'java/lang/NoSuchMethodError'{0x0000000085249a80}: java.lang.invoke.DirectMethodHandle$Holder.invokeStaticInit(Ljava/lang/Object;)I> (0x0000000085249a80) thrown at [t:/workspace/open/src/hotspot/share/interpreter/linkResolver.cpp, line 772]
Event: 362.388 Thread 0x00000256caeb9000 Exception <a 'java/lang/NoSuchMethodError'{0x00000000850e2290}: java.lang.invoke.DirectMethodHandle$Holder.invokeStatic(Ljava/lang/Object;Ljava/lang/Object;Ljava/lang/Object;ILjava/lang/Object;)V> (0x00000000850e2290) thrown at [t:/workspace/open/src/hots

Events (10 events):
Event: 374.825 loading class org/gradle/api/internal/project/DefaultProject$5
Event: 374.825 loading class org/gradle/api/internal/project/DefaultProject$5 done
Event: 374.842 loading class groovy/runtime/metaclass/org/gradle/api/internal/project/DefaultProject_DecoratedMetaClass
Event: 374.842 loading class groovy/runtime/metaclass/org/gradle/api/internal/project/DefaultProject_DecoratedMetaClass done
Event: 374.850 loading class org/gradle/api/internal/project/DefaultProject_DecoratedBeanInfo
Event: 374.850 loading class org/gradle/api/internal/project/DefaultProject_DecoratedBeanInfo done
Event: 374.850 loading class org/gradle/api/internal/project/DefaultProject_DecoratedBeanInfo
Event: 374.850 loading class org/gradle/api/internal/project/DefaultProject_DecoratedBeanInfo done
Event: 374.850 loading class org/gradle/api/internal/project/DefaultProject_DecoratedBeanInfo
Event: 374.850 loading class org/gradle/api/internal/project/DefaultProject_DecoratedBeanInfo done


Dynamic libraries:
0x00007ff74d290000 - 0x00007ff74d2d7000 	C:\Program Files\Java\jdk-11.0.6\bin\java.exe
0x00007ffacb9d0000 - 0x00007ffacbbc5000 	C:\WINDOWS\SYSTEM32\ntdll.dll
0x00007ffac9a20000 - 0x00007ffac9add000 	C:\WINDOWS\System32\KERNEL32.DLL
0x00007ffac9420000 - 0x00007ffac96ed000 	C:\WINDOWS\System32\KERNELBASE.dll
0x00007ffaca880000 - 0x00007ffaca92e000 	C:\WINDOWS\System32\ADVAPI32.dll
0x00007ffacafc0000 - 0x00007ffacb05e000 	C:\WINDOWS\System32\msvcrt.dll
0x00007ffac9c40000 - 0x00007ffac9cdc000 	C:\WINDOWS\System32\sechost.dll
0x00007ffaca930000 - 0x00007ffacaa55000 	C:\WINDOWS\System32\RPCRT4.dll
0x00007ffacaa60000 - 0x00007ffacac00000 	C:\WINDOWS\System32\USER32.dll
0x00007ffac99f0000 - 0x00007ffac9a12000 	C:\WINDOWS\System32\win32u.dll
0x00007ffacb8b0000 - 0x00007ffacb8da000 	C:\WINDOWS\System32\GDI32.dll
0x00007ffac9310000 - 0x00007ffac941b000 	C:\WINDOWS\System32\gdi32full.dll
0x00007ffac9110000 - 0x00007ffac91ad000 	C:\WINDOWS\System32\msvcp_win.dll
0x00007ffac9830000 - 0x00007ffac9930000 	C:\WINDOWS\System32\ucrtbase.dll
0x00007ffab7fe0000 - 0x00007ffab827a000 	C:\WINDOWS\WinSxS\amd64_microsoft.windows.common-controls_6595b64144ccf1df_6.0.19041.1110_none_60b5254171f9507e\COMCTL32.dll
0x00007ffabcf70000 - 0x00007ffabcf7a000 	C:\WINDOWS\SYSTEM32\VERSION.dll
0x00007ffac9c10000 - 0x00007ffac9c40000 	C:\WINDOWS\System32\IMM32.DLL
0x00007ffaab790000 - 0x00007ffaab7a6000 	C:\Program Files\Java\jdk-11.0.6\bin\vcruntime140.dll
0x00007ffa7e9d0000 - 0x00007ffa7ea7a000 	C:\Program Files\Java\jdk-11.0.6\bin\msvcp140.dll
0x00007ffa74630000 - 0x00007ffa75159000 	C:\Program Files\Java\jdk-11.0.6\bin\server\jvm.dll
0x00007ffacb7c0000 - 0x00007ffacb7c8000 	C:\WINDOWS\System32\PSAPI.DLL
0x00007ffaad8c0000 - 0x00007ffaad8c9000 	C:\WINDOWS\SYSTEM32\WSOCK32.dll
0x00007ffacb7d0000 - 0x00007ffacb83b000 	C:\WINDOWS\System32\WS2_32.dll
0x00007ffab85d0000 - 0x00007ffab85f7000 	C:\WINDOWS\SYSTEM32\WINMM.dll
0x00007ffac7970000 - 0x00007ffac7982000 	C:\WINDOWS\SYSTEM32\kernel.appcore.dll
0x00007ffaa7660000 - 0x00007ffaa7671000 	C:\Program Files\Java\jdk-11.0.6\bin\verify.dll
0x00007ffabcd70000 - 0x00007ffabcf54000 	C:\WINDOWS\SYSTEM32\DBGHELP.DLL
0x00007ffabcd40000 - 0x00007ffabcd6c000 	C:\WINDOWS\SYSTEM32\dbgcore.DLL
0x00007ffac97a0000 - 0x00007ffac9822000 	C:\WINDOWS\System32\bcryptPrimitives.dll
0x00007ffa9ba50000 - 0x00007ffa9ba79000 	C:\Program Files\Java\jdk-11.0.6\bin\java.dll
0x00007ffa9e670000 - 0x00007ffa9e686000 	C:\Program Files\Java\jdk-11.0.6\bin\zip.dll
0x00007ffaaee90000 - 0x00007ffaaee9a000 	C:\Program Files\Java\jdk-11.0.6\bin\jimage.dll
0x00007ffaca120000 - 0x00007ffaca864000 	C:\WINDOWS\System32\SHELL32.dll
0x00007ffac6f40000 - 0x00007ffac76d4000 	C:\WINDOWS\SYSTEM32\windows.storage.dll
0x00007ffacac00000 - 0x00007ffacaf54000 	C:\WINDOWS\System32\combase.dll
0x00007ffac8b40000 - 0x00007ffac8b6c000 	C:\WINDOWS\SYSTEM32\Wldp.dll
0x00007ffaca010000 - 0x00007ffaca0bd000 	C:\WINDOWS\System32\SHCORE.dll
0x00007ffaca0c0000 - 0x00007ffaca115000 	C:\WINDOWS\System32\shlwapi.dll
0x00007ffac9020000 - 0x00007ffac903f000 	C:\WINDOWS\SYSTEM32\profapi.dll
0x00007ffa9b1d0000 - 0x00007ffa9b1e9000 	C:\Program Files\Java\jdk-11.0.6\bin\net.dll
0x00007ffabebf0000 - 0x00007ffabecfa000 	C:\WINDOWS\SYSTEM32\WINHTTP.dll
0x00007ffac88a0000 - 0x00007ffac890a000 	C:\WINDOWS\system32\mswsock.dll
0x00007ffa9b1b0000 - 0x00007ffa9b1c3000 	C:\Program Files\Java\jdk-11.0.6\bin\nio.dll
0x00007ffa96ac0000 - 0x00007ffa96ae7000 	C:\Users\SoftLaptop\.gradle\native\e1d6ef7f7dcc3fd88c89a11ec53ec762bb8ba0a96d01ffa2cd45eb1d1d8dd5c5\windows-amd64\native-platform.dll
0x00007ffa72ef0000 - 0x00007ffa73034000 	C:\Users\SoftLaptop\.gradle\native\5664cfc778a61ccfe75a443a1ab52a65af34e5dc3c78e0209fed803814484fcb\windows-amd64\native-platform-file-events.dll
0x00007ffaab440000 - 0x00007ffaab449000 	C:\Program Files\Java\jdk-11.0.6\bin\management.dll
0x00007ffaa8370000 - 0x00007ffaa837c000 	C:\Program Files\Java\jdk-11.0.6\bin\management_ext.dll
0x00007ffac8a90000 - 0x00007ffac8aa8000 	C:\WINDOWS\SYSTEM32\CRYPTSP.dll
0x00007ffac81b0000 - 0x00007ffac81e4000 	C:\WINDOWS\system32\rsaenh.dll
0x00007ffac90e0000 - 0x00007ffac9107000 	C:\WINDOWS\System32\bcrypt.dll
0x00007ffac8fe0000 - 0x00007ffac900e000 	C:\WINDOWS\SYSTEM32\USERENV.dll
0x00007ffac8ab0000 - 0x00007ffac8abc000 	C:\WINDOWS\SYSTEM32\CRYPTBASE.dll
0x00007ffac8540000 - 0x00007ffac857b000 	C:\WINDOWS\SYSTEM32\IPHLPAPI.DLL
0x00007ffacb8a0000 - 0x00007ffacb8a8000 	C:\WINDOWS\System32\NSI.dll
0x00007ffabfdd0000 - 0x00007ffabfde7000 	C:\WINDOWS\SYSTEM32\dhcpcsvc6.DLL
0x00007ffabe540000 - 0x00007ffabe55d000 	C:\WINDOWS\SYSTEM32\dhcpcsvc.DLL
0x00007ffac8590000 - 0x00007ffac865b000 	C:\WINDOWS\SYSTEM32\DNSAPI.dll

dbghelp: loaded successfully - version: 4.0.5 - missing functions: none
symbol engine: initialized successfully - sym options: 0x614 - pdb path: .;C:\Program Files\Java\jdk-11.0.6\bin;C:\WINDOWS\SYSTEM32;C:\WINDOWS\WinSxS\amd64_microsoft.windows.common-controls_6595b64144ccf1df_6.0.19041.1110_none_60b5254171f9507e;C:\Program Files\Java\jdk-11.0.6\bin\server;C:\Users\SoftLaptop\.gradle\native\e1d6ef7f7dcc3fd88c89a11ec53ec762bb8ba0a96d01ffa2cd45eb1d1d8dd5c5\windows-amd64;C:\Users\SoftLaptop\.gradle\native\5664cfc778a61ccfe75a443a1ab52a65af34e5dc3c78e0209fed803814484fcb\windows-amd64

VM Arguments:
jvm_args: -XX:MaxMetaspaceSize=512m --add-opens=java.base/java.util=ALL-UNNAMED --add-opens=java.base/java.lang=ALL-UNNAMED --add-opens=java.base/java.lang.invoke=ALL-UNNAMED --add-opens=java.base/java.util=ALL-UNNAMED --add-opens=java.prefs/java.util.prefs=ALL-UNNAMED --add-opens=java.prefs/java.util.prefs=ALL-UNNAMED --add-opens=java.base/java.nio.charset=ALL-UNNAMED --add-opens=java.base/java.net=ALL-UNNAMED --add-opens=java.base/java.util.concurrent.atomic=ALL-UNNAMED -Xmx2048m -Dfile.encoding=windows-1252 -Duser.country=US -Duser.language=en -Duser.variant 
java_command: org.gradle.launcher.daemon.bootstrap.GradleDaemon 7.3.3
java_class_path (initial): C:\Users\SoftLaptop\.gradle\wrapper\dists\gradle-7.3.3-all\4295vidhdd9hd3gbjyw1xqxpo\gradle-7.3.3\lib\gradle-launcher-7.3.3.jar
Launcher Type: SUN_STANDARD

[Global flags]
     intx CICompilerCount                          = 3                                         {product} {ergonomic}
   size_t CompressedClassSpaceSize                 = 528482304                                 {product} {ergonomic}
     uint ConcGCThreads                            = 1                                         {product} {ergonomic}
     uint G1ConcRefinementThreads                  = 4                                         {product} {ergonomic}
   size_t G1HeapRegionSize                         = 1048576                                   {product} {ergonomic}
    uintx GCDrainStackTargetSize                   = 64                                        {product} {ergonomic}
   size_t InitialHeapSize                          = 134217728                                 {product} {ergonomic}
   size_t MarkStackSize                            = 4194304                                   {product} {ergonomic}
   size_t MaxHeapSize                              = 2147483648                                {product} {command line}
   size_t MaxMetaspaceSize                         = 536870912                                 {product} {command line}
   size_t MaxNewSize                               = 1287651328                                {product} {ergonomic}
   size_t MinHeapDeltaBytes                        = 1048576                                   {product} {ergonomic}
    uintx NonNMethodCodeHeapSize                   = 5830732                                {pd product} {ergonomic}
    uintx NonProfiledCodeHeapSize                  = 122913754                              {pd product} {ergonomic}
    uintx ProfiledCodeHeapSize                     = 122913754                              {pd product} {ergonomic}
    uintx ReservedCodeCacheSize                    = 251658240                              {pd product} {ergonomic}
     bool SegmentedCodeCache                       = true                                      {product} {ergonomic}
     bool UseCompressedClassPointers               = true                                 {lp64_product} {ergonomic}
     bool UseCompressedOops                        = true                                 {lp64_product} {ergonomic}
     bool UseG1GC                                  = true                                      {product} {ergonomic}
     bool UseLargePagesIndividualAllocation        = false                                  {pd product} {ergonomic}

Logging:
Log output configuration:
 #0: stdout all=warning uptime,level,tags
 #1: stderr all=off uptime,level,tags

Environment Variables:
JAVA_HOME=C:\Program Files\Java\jdk-11.0.6
CLASSPATH=E:\react\TestApp\android\\gradle\wrapper\gradle-wrapper.jar
PATH=E:\react\TestApp\android\node_modules\.bin;E:\react\TestApp\node_modules\.bin;E:\react\node_modules\.bin;E:\node_modules\.bin;C:\Program Files\nodejs;E:\react\TestApp\node_modules\.bin;E:\react\node_modules\.bin;E:\node_modules\.bin;C:\Program Files\nodejs\node_modules\npm\node_modules\@npmcli\run-script\lib\node-gyp-bin;C:\Program Files (x86)\VMware\VMware Workstation\bin\;C:\WINDOWS\system32;C:\WINDOWS;C:\WINDOWS\System32\Wbem;C:\WINDOWS\System32\WindowsPowerShell\v1.0\;C:\WINDOWS\System32\OpenSSH\;C:\Program Files\nodejs\;C:\Users\SoftLaptop\AppData\Local\Microsoft\WindowsApps;C:\Users\SoftLaptop\AppData\Local\Programs\Microsoft VS Code\bin;C:\Users\SoftLaptop\AppData\Roaming\npm;C:\Program Files\Java\jdk-11.0.6\bin;C:\Users\SoftLaptop\AppData\Local\Android\Sdk\platform-tools;C:\Users\SoftLaptop\AppData\Local\Android\Sdk\tools;;E:\react\TestApp\node_modules\.bin
USERNAME=SoftLaptop
OS=Windows_NT
PROCESSOR_IDENTIFIER=Intel64 Family 6 Model 61 Stepping 4, GenuineIntel



---------------  S Y S T E M  ---------------

OS: Windows 10 , 64 bit Build 19041 (10.0.19041.1706)

CPU:total 4 (initial active 4) (2 cores per cpu, 2 threads per core) family 6 model 61 stepping 4, cmov, cx8, fxsr, mmx, sse, sse2, sse3, ssse3, sse4.1, sse4.2, popcnt, avx, avx2, aes, clmul, erms, 3dnowpref, lzcnt, ht, tsc, tscinvbit, bmi1, bmi2, adx, fma

Memory: 4k page, system-wide physical 8067M (573M free)
TotalPageFile size 12040M (AvailPageFile size 406M)
current process WorkingSet (physical memory assigned to process): 235M, peak: 235M
current process commit charge ("private bytes"): 301M, peak: 302M

vm_info: Java HotSpot(TM) 64-Bit Server VM (11.0.6+8-LTS) for windows-amd64 JRE (11.0.6+8-LTS), built on Dec 11 2019 09:17:57 by "mach5one" with MS VC++ 15.5 (VS2017)

END.
